Flow report for sumador_4b
Fri Sep 02 12:15:02 2022
Quartus Prime Version 18.1.0 Build 625 09/12/2018 SJ Lite Edition


---------------------
; Table of Contents ;
---------------------
  1. Legal Notice
  2. Flow Summary
  3. Flow Settings
  4. Flow Non-Default Global Settings
  5. Flow Elapsed Time
  6. Flow OS Summary
  7. Flow Log
  8. Flow Messages
  9. Flow Suppressed Messages



----------------
; Legal Notice ;
----------------
Copyright (C) 2018  Intel Corporation. All rights reserved.
Your use of Intel Corporation's design tools, logic functions 
and other software and tools, and its AMPP partner logic 
functions, and any output files from any of the foregoing 
(including device programming or simulation files), and any 
associated documentation or information are expressly subject 
to the terms and conditions of the Intel Program License 
Subscription Agreement, the Intel Quartus Prime License Agreement,
the Intel FPGA IP License Agreement, or other applicable license
agreement, including, without limitation, that your use is for
the sole purpose of programming logic devices manufactured by
Intel and sold by Intel or its authorized distributors.  Please
refer to the applicable agreement for further details.



+-------------------------------------------------------------------------------+
; Flow Summary                                                                  ;
+---------------------------------+---------------------------------------------+
; Flow Status                     ; Successful - Fri Sep 02 12:15:02 2022       ;
; Quartus Prime Version           ; 18.1.0 Build 625 09/12/2018 SJ Lite Edition ;
; Revision Name                   ; sumador_4b                                  ;
; Top-level Entity Name           ; sumador_deco_4                              ;
; Family                          ; Cyclone V                                   ;
; Device                          ; 5CSEMA5F31C6                                ;
; Timing Models                   ; Final                                       ;
; Logic utilization (in ALMs)     ; 10 / 32,070 ( < 1 % )                       ;
; Total registers                 ; 0                                           ;
; Total pins                      ; 17 / 457 ( 4 % )                            ;
; Total virtual pins              ; 0                                           ;
; Total block memory bits         ; 0 / 4,065,280 ( 0 % )                       ;
; Total DSP Blocks                ; 0 / 87 ( 0 % )                              ;
; Total HSSI RX PCSs              ; 0                                           ;
; Total HSSI PMA RX Deserializers ; 0                                           ;
; Total HSSI TX PCSs              ; 0                                           ;
; Total HSSI PMA TX Serializers   ; 0                                           ;
; Total PLLs                      ; 0 / 6 ( 0 % )                               ;
; Total DLLs                      ; 0 / 4 ( 0 % )                               ;
+---------------------------------+---------------------------------------------+


+-----------------------------------------+
; Flow Settings                           ;
+-------------------+---------------------+
; Option            ; Setting             ;
+-------------------+---------------------+
; Start date & time ; 09/02/2022 12:13:04 ;
; Main task         ; Compilation         ;
; Revision Name     ; sumador_4b          ;
+-------------------+---------------------+


+------------------------------------------------------------------------------------------------------------------------------------+
; Flow Non-Default Global Settings                                                                                                   ;
+--------------------------------------+----------------------------------------+---------------+----------------+-------------------+
; Assignment Name                      ; Value                                  ; Default Value ; Entity Name    ; Section Id        ;
+--------------------------------------+----------------------------------------+---------------+----------------+-------------------+
; COMPILER_SIGNATURE_ID                ; 66325080384851.166214238315372         ; --            ; --             ; --                ;
; EDA_DESIGN_INSTANCE_NAME             ; NA                                     ; --            ; --             ; decodificador_tb  ;
; EDA_DESIGN_INSTANCE_NAME             ; NA                                     ; --            ; --             ; sumador_4_tb      ;
; EDA_DESIGN_INSTANCE_NAME             ; NA                                     ; --            ; --             ; sumador_deco_4_tb ;
; EDA_DESIGN_INSTANCE_NAME             ; NA                                     ; --            ; --             ; full_adder_tb     ;
; EDA_NATIVELINK_SIMULATION_TEST_BENCH ; sumador_deco_4_tb                      ; --            ; --             ; eda_simulation    ;
; EDA_OUTPUT_DATA_FORMAT               ; Vhdl                                   ; --            ; --             ; eda_simulation    ;
; EDA_SIMULATION_TOOL                  ; ModelSim-Altera (VHDL)                 ; <None>        ; --             ; --                ;
; EDA_TEST_BENCH_ENABLE_STATUS         ; TEST_BENCH_MODE                        ; --            ; --             ; eda_simulation    ;
; EDA_TEST_BENCH_FILE                  ; decodificador_tb.vhd                   ; --            ; --             ; decodificador_tb  ;
; EDA_TEST_BENCH_FILE                  ; sumador_4_tb.vhd                       ; --            ; --             ; sumador_4_tb      ;
; EDA_TEST_BENCH_FILE                  ; sumador_deco_4_tb.vhd                  ; --            ; --             ; sumador_deco_4_tb ;
; EDA_TEST_BENCH_FILE                  ; full_adder_tb.vhd                      ; --            ; --             ; full_adder_tb     ;
; EDA_TEST_BENCH_MODULE_NAME           ; decodificador_tb                       ; --            ; --             ; decodificador_tb  ;
; EDA_TEST_BENCH_MODULE_NAME           ; sumador_4_tb                           ; --            ; --             ; sumador_4_tb      ;
; EDA_TEST_BENCH_MODULE_NAME           ; sumador_deco_4_tb                      ; --            ; --             ; sumador_deco_4_tb ;
; EDA_TEST_BENCH_MODULE_NAME           ; full_adder_tb                          ; --            ; --             ; full_adder_tb     ;
; EDA_TEST_BENCH_NAME                  ; full_adder_tb                          ; --            ; --             ; eda_simulation    ;
; EDA_TEST_BENCH_NAME                  ; sumador_4_tb                           ; --            ; --             ; eda_simulation    ;
; EDA_TEST_BENCH_NAME                  ; decodificador_tb                       ; --            ; --             ; eda_simulation    ;
; EDA_TEST_BENCH_NAME                  ; sumador_deco_4_tb                      ; --            ; --             ; eda_simulation    ;
; EDA_TIME_SCALE                       ; 1 ps                                   ; --            ; --             ; eda_simulation    ;
; MAX_CORE_JUNCTION_TEMP               ; 85                                     ; --            ; --             ; --                ;
; MIN_CORE_JUNCTION_TEMP               ; 0                                      ; --            ; --             ; --                ;
; PARTITION_COLOR                      ; -- (Not supported for targeted family) ; --            ; sumador_deco_4 ; Top               ;
; PARTITION_FITTER_PRESERVATION_LEVEL  ; -- (Not supported for targeted family) ; --            ; sumador_deco_4 ; Top               ;
; PARTITION_NETLIST_TYPE               ; -- (Not supported for targeted family) ; --            ; sumador_deco_4 ; Top               ;
; POWER_BOARD_THERMAL_MODEL            ; None (CONSERVATIVE)                    ; --            ; --             ; --                ;
; POWER_PRESET_COOLING_SOLUTION        ; 23 MM HEAT SINK WITH 200 LFPM AIRFLOW  ; --            ; --             ; --                ;
; PROJECT_OUTPUT_DIRECTORY             ; output_files                           ; --            ; --             ; --                ;
; TOP_LEVEL_ENTITY                     ; sumador_deco_4                         ; sumador_4b    ; --             ; --                ;
+--------------------------------------+----------------------------------------+---------------+----------------+-------------------+


+--------------------------------------------------------------------------------------------------------------------------+
; Flow Elapsed Time                                                                                                        ;
+----------------------+--------------+-------------------------+---------------------+------------------------------------+
; Module Name          ; Elapsed Time ; Average Processors Used ; Peak Virtual Memory ; Total CPU Time (on all processors) ;
+----------------------+--------------+-------------------------+---------------------+------------------------------------+
; Analysis & Synthesis ; 00:00:25     ; 1.0                     ; 4852 MB             ; 00:00:40                           ;
; Fitter               ; 00:00:56     ; 1.0                     ; 6203 MB             ; 00:01:15                           ;
; Assembler            ; 00:00:15     ; 1.0                     ; 4823 MB             ; 00:00:12                           ;
; Timing Analyzer      ; 00:00:10     ; 1.0                     ; 5076 MB             ; 00:00:09                           ;
; EDA Netlist Writer   ; 00:00:03     ; 1.0                     ; 4729 MB             ; 00:00:02                           ;
; Total                ; 00:01:49     ; --                      ; --                  ; 00:02:18                           ;
+----------------------+--------------+-------------------------+---------------------+------------------------------------+


+------------------------------------------------------------------------------------+
; Flow OS Summary                                                                    ;
+----------------------+------------------+------------+------------+----------------+
; Module Name          ; Machine Hostname ; OS Name    ; OS Version ; Processor type ;
+----------------------+------------------+------------+------------+----------------+
; Analysis & Synthesis ; KevinACBDO       ; Windows 10 ; 10.0       ; x86_64         ;
; Fitter               ; KevinACBDO       ; Windows 10 ; 10.0       ; x86_64         ;
; Assembler            ; KevinACBDO       ; Windows 10 ; 10.0       ; x86_64         ;
; Timing Analyzer      ; KevinACBDO       ; Windows 10 ; 10.0       ; x86_64         ;
; EDA Netlist Writer   ; KevinACBDO       ; Windows 10 ; 10.0       ; x86_64         ;
+----------------------+------------------+------------+------------+----------------+


------------
; Flow Log ;
------------
quartus_map --read_settings_files=on --write_settings_files=off sumador_4b -c sumador_4b
quartus_fit --read_settings_files=off --write_settings_files=off sumador_4b -c sumador_4b
quartus_asm --read_settings_files=off --write_settings_files=off sumador_4b -c sumador_4b
quartus_sta sumador_4b -c sumador_4b
quartus_eda --read_settings_files=off --write_settings_files=off sumador_4b -c sumador_4b



