Analysis & Elaboration report for ALU
Mon Sep 19 19:14:30 2022
Quartus Prime Version 18.1.0 Build 625 09/12/2018 SJ Lite Edition


---------------------
; Table of Contents ;
---------------------
  1. Legal Notice
  2. Analysis & Elaboration Summary
  3. Parallel Compilation
  4. Parameter Settings for User Entity Instance: Top-level Entity: |multiplier_god
  5. Parameter Settings for User Entity Instance: multiplier_node:multiplier_for_1[0].MNi
  6. Parameter Settings for User Entity Instance: multiplier_node:multiplier_for_1[1].MNi
  7. Parameter Settings for User Entity Instance: multiplier_node:multiplier_for_1[2].MNi
  8. Parameter Settings for User Entity Instance: multiplier_node:multiplier_for_1[3].MNi
  9. Parameter Settings for User Entity Instance: sum_n_bit:multiplier_for_2[0].sumj
 10. Parameter Settings for User Entity Instance: sum_n_bit:multiplier_for_2[1].sumj
 11. Parameter Settings for User Entity Instance: sum_n_bit:multiplier_for_2[2].sumj
 12. Parameter Settings for User Entity Instance: sum_n_bit:multiplier_for_2[3].sumj
 13. Analysis & Elaboration Settings
 14. Port Connectivity Checks: "sum_n_bit:multiplier_for_2[0].sumj"
 15. Analysis & Elaboration Messages



----------------
; Legal Notice ;
----------------
Copyright (C) 2018  Intel Corporation. All rights reserved.
Your use of Intel Corporation's design tools, logic functions 
and other software and tools, and its AMPP partner logic 
functions, and any output files from any of the foregoing 
(including device programming or simulation files), and any 
associated documentation or information are expressly subject 
to the terms and conditions of the Intel Program License 
Subscription Agreement, the Intel Quartus Prime License Agreement,
the Intel FPGA IP License Agreement, or other applicable license
agreement, including, without limitation, that your use is for
the sole purpose of programming logic devices manufactured by
Intel and sold by Intel or its authorized distributors.  Please
refer to the applicable agreement for further details.



+-----------------------------------------------------------------------------+
; Analysis & Elaboration Summary                                              ;
+-------------------------------+---------------------------------------------+
; Analysis & Elaboration Status ; Successful - Mon Sep 19 19:14:30 2022       ;
; Quartus Prime Version         ; 18.1.0 Build 625 09/12/2018 SJ Lite Edition ;
; Revision Name                 ; ALU                                         ;
; Top-level Entity Name         ; multiplier_god                              ;
; Family                        ; Cyclone V                                   ;
; Logic utilization (in ALMs)   ; N/A until Partition Merge                   ;
; Total registers               ; N/A until Partition Merge                   ;
; Total pins                    ; N/A until Partition Merge                   ;
; Total virtual pins            ; N/A until Partition Merge                   ;
; Total block memory bits       ; N/A until Partition Merge                   ;
; Total PLLs                    ; N/A until Partition Merge                   ;
; Total DLLs                    ; N/A until Partition Merge                   ;
+-------------------------------+---------------------------------------------+


+------------------------------------------+
; Parallel Compilation                     ;
+----------------------------+-------------+
; Processors                 ; Number      ;
+----------------------------+-------------+
; Number detected on machine ; 4           ;
; Maximum allowed            ; 2           ;
;                            ;             ;
; Average used               ; 1.00        ;
; Maximum used               ; 1           ;
;                            ;             ;
; Usage by Processor         ; % Time Used ;
;     Processor 1            ; 100.0%      ;
+----------------------------+-------------+


+--------------------------------------------------------------------------------+
; Parameter Settings for User Entity Instance: Top-level Entity: |multiplier_god ;
+----------------+-------+-------------------------------------------------------+
; Parameter Name ; Value ; Type                                                  ;
+----------------+-------+-------------------------------------------------------+
; N              ; 4     ; Signed Integer                                        ;
+----------------+-------+-------------------------------------------------------+
Note: In order to hide this table in the UI and the text report file, please set the "Show Parameter Settings in Synthesis Report" option in "Analysis and Synthesis Settings -> More Settings" to "Off".


+--------------------------------------------------------------------------------------+
; Parameter Settings for User Entity Instance: multiplier_node:multiplier_for_1[0].MNi ;
+----------------+-------+-------------------------------------------------------------+
; Parameter Name ; Value ; Type                                                        ;
+----------------+-------+-------------------------------------------------------------+
; N              ; 4     ; Signed Integer                                              ;
; P              ; 0     ; Signed Integer                                              ;
+----------------+-------+-------------------------------------------------------------+
Note: In order to hide this table in the UI and the text report file, please set the "Show Parameter Settings in Synthesis Report" option in "Analysis and Synthesis Settings -> More Settings" to "Off".


+--------------------------------------------------------------------------------------+
; Parameter Settings for User Entity Instance: multiplier_node:multiplier_for_1[1].MNi ;
+----------------+-------+-------------------------------------------------------------+
; Parameter Name ; Value ; Type                                                        ;
+----------------+-------+-------------------------------------------------------------+
; N              ; 4     ; Signed Integer                                              ;
; P              ; 1     ; Signed Integer                                              ;
+----------------+-------+-------------------------------------------------------------+
Note: In order to hide this table in the UI and the text report file, please set the "Show Parameter Settings in Synthesis Report" option in "Analysis and Synthesis Settings -> More Settings" to "Off".


+--------------------------------------------------------------------------------------+
; Parameter Settings for User Entity Instance: multiplier_node:multiplier_for_1[2].MNi ;
+----------------+-------+-------------------------------------------------------------+
; Parameter Name ; Value ; Type                                                        ;
+----------------+-------+-------------------------------------------------------------+
; N              ; 4     ; Signed Integer                                              ;
; P              ; 2     ; Signed Integer                                              ;
+----------------+-------+-------------------------------------------------------------+
Note: In order to hide this table in the UI and the text report file, please set the "Show Parameter Settings in Synthesis Report" option in "Analysis and Synthesis Settings -> More Settings" to "Off".


+--------------------------------------------------------------------------------------+
; Parameter Settings for User Entity Instance: multiplier_node:multiplier_for_1[3].MNi ;
+----------------+-------+-------------------------------------------------------------+
; Parameter Name ; Value ; Type                                                        ;
+----------------+-------+-------------------------------------------------------------+
; N              ; 4     ; Signed Integer                                              ;
; P              ; 3     ; Signed Integer                                              ;
+----------------+-------+-------------------------------------------------------------+
Note: In order to hide this table in the UI and the text report file, please set the "Show Parameter Settings in Synthesis Report" option in "Analysis and Synthesis Settings -> More Settings" to "Off".


+---------------------------------------------------------------------------------+
; Parameter Settings for User Entity Instance: sum_n_bit:multiplier_for_2[0].sumj ;
+----------------+-------+--------------------------------------------------------+
; Parameter Name ; Value ; Type                                                   ;
+----------------+-------+--------------------------------------------------------+
; N              ; 8     ; Signed Integer                                         ;
+----------------+-------+--------------------------------------------------------+
Note: In order to hide this table in the UI and the text report file, please set the "Show Parameter Settings in Synthesis Report" option in "Analysis and Synthesis Settings -> More Settings" to "Off".


+---------------------------------------------------------------------------------+
; Parameter Settings for User Entity Instance: sum_n_bit:multiplier_for_2[1].sumj ;
+----------------+-------+--------------------------------------------------------+
; Parameter Name ; Value ; Type                                                   ;
+----------------+-------+--------------------------------------------------------+
; N              ; 8     ; Signed Integer                                         ;
+----------------+-------+--------------------------------------------------------+
Note: In order to hide this table in the UI and the text report file, please set the "Show Parameter Settings in Synthesis Report" option in "Analysis and Synthesis Settings -> More Settings" to "Off".


+---------------------------------------------------------------------------------+
; Parameter Settings for User Entity Instance: sum_n_bit:multiplier_for_2[2].sumj ;
+----------------+-------+--------------------------------------------------------+
; Parameter Name ; Value ; Type                                                   ;
+----------------+-------+--------------------------------------------------------+
; N              ; 8     ; Signed Integer                                         ;
+----------------+-------+--------------------------------------------------------+
Note: In order to hide this table in the UI and the text report file, please set the "Show Parameter Settings in Synthesis Report" option in "Analysis and Synthesis Settings -> More Settings" to "Off".


+---------------------------------------------------------------------------------+
; Parameter Settings for User Entity Instance: sum_n_bit:multiplier_for_2[3].sumj ;
+----------------+-------+--------------------------------------------------------+
; Parameter Name ; Value ; Type                                                   ;
+----------------+-------+--------------------------------------------------------+
; N              ; 8     ; Signed Integer                                         ;
+----------------+-------+--------------------------------------------------------+
Note: In order to hide this table in the UI and the text report file, please set the "Show Parameter Settings in Synthesis Report" option in "Analysis and Synthesis Settings -> More Settings" to "Off".


+---------------------------------------------------------------------------------------------------------------------------+
; Analysis & Elaboration Settings                                                                                           ;
+---------------------------------------------------------------------------------+--------------------+--------------------+
; Option                                                                          ; Setting            ; Default Value      ;
+---------------------------------------------------------------------------------+--------------------+--------------------+
; Device                                                                          ; 5CGXFC7C7F23C8     ;                    ;
; Top-level entity name                                                           ; multiplier_god     ; ALU                ;
; Family name                                                                     ; Cyclone V          ; Cyclone V          ;
; Use smart compilation                                                           ; Off                ; Off                ;
; Enable parallel Assembler and Timing Analyzer during compilation                ; On                 ; On                 ;
; Enable compact report table                                                     ; Off                ; Off                ;
; Restructure Multiplexers                                                        ; Auto               ; Auto               ;
; MLAB Add Timing Constraints For Mixed-Port Feed-Through Mode Setting Don't Care ; Off                ; Off                ;
; Create Debugging Nodes for IP Cores                                             ; Off                ; Off                ;
; Preserve fewer node names                                                       ; On                 ; On                 ;
; Intel FPGA IP Evaluation Mode                                                   ; Enable             ; Enable             ;
; Verilog Version                                                                 ; Verilog_2001       ; Verilog_2001       ;
; VHDL Version                                                                    ; VHDL_1993          ; VHDL_1993          ;
; State Machine Processing                                                        ; Auto               ; Auto               ;
; Safe State Machine                                                              ; Off                ; Off                ;
; Extract Verilog State Machines                                                  ; On                 ; On                 ;
; Extract VHDL State Machines                                                     ; On                 ; On                 ;
; Ignore Verilog initial constructs                                               ; Off                ; Off                ;
; Iteration limit for constant Verilog loops                                      ; 5000               ; 5000               ;
; Iteration limit for non-constant Verilog loops                                  ; 250                ; 250                ;
; Add Pass-Through Logic to Inferred RAMs                                         ; On                 ; On                 ;
; Infer RAMs from Raw Logic                                                       ; On                 ; On                 ;
; Parallel Synthesis                                                              ; On                 ; On                 ;
; DSP Block Balancing                                                             ; Auto               ; Auto               ;
; NOT Gate Push-Back                                                              ; On                 ; On                 ;
; Power-Up Don't Care                                                             ; On                 ; On                 ;
; Remove Redundant Logic Cells                                                    ; Off                ; Off                ;
; Remove Duplicate Registers                                                      ; On                 ; On                 ;
; Ignore CARRY Buffers                                                            ; Off                ; Off                ;
; Ignore CASCADE Buffers                                                          ; Off                ; Off                ;
; Ignore GLOBAL Buffers                                                           ; Off                ; Off                ;
; Ignore ROW GLOBAL Buffers                                                       ; Off                ; Off                ;
; Ignore LCELL Buffers                                                            ; Off                ; Off                ;
; Ignore SOFT Buffers                                                             ; On                 ; On                 ;
; Limit AHDL Integers to 32 Bits                                                  ; Off                ; Off                ;
; Optimization Technique                                                          ; Balanced           ; Balanced           ;
; Carry Chain Length                                                              ; 70                 ; 70                 ;
; Auto Carry Chains                                                               ; On                 ; On                 ;
; Auto Open-Drain Pins                                                            ; On                 ; On                 ;
; Perform WYSIWYG Primitive Resynthesis                                           ; Off                ; Off                ;
; Auto ROM Replacement                                                            ; On                 ; On                 ;
; Auto RAM Replacement                                                            ; On                 ; On                 ;
; Auto DSP Block Replacement                                                      ; On                 ; On                 ;
; Auto Shift Register Replacement                                                 ; Auto               ; Auto               ;
; Allow Shift Register Merging across Hierarchies                                 ; Auto               ; Auto               ;
; Auto Clock Enable Replacement                                                   ; On                 ; On                 ;
; Strict RAM Replacement                                                          ; Off                ; Off                ;
; Allow Synchronous Control Signals                                               ; On                 ; On                 ;
; Force Use of Synchronous Clear Signals                                          ; Off                ; Off                ;
; Auto Resource Sharing                                                           ; Off                ; Off                ;
; Allow Any RAM Size For Recognition                                              ; Off                ; Off                ;
; Allow Any ROM Size For Recognition                                              ; Off                ; Off                ;
; Allow Any Shift Register Size For Recognition                                   ; Off                ; Off                ;
; Use LogicLock Constraints during Resource Balancing                             ; On                 ; On                 ;
; Ignore translate_off and synthesis_off directives                               ; Off                ; Off                ;
; Timing-Driven Synthesis                                                         ; On                 ; On                 ;
; Report Parameter Settings                                                       ; On                 ; On                 ;
; Report Source Assignments                                                       ; On                 ; On                 ;
; Report Connectivity Checks                                                      ; On                 ; On                 ;
; Ignore Maximum Fan-Out Assignments                                              ; Off                ; Off                ;
; Synchronization Register Chain Length                                           ; 3                  ; 3                  ;
; Power Optimization During Synthesis                                             ; Normal compilation ; Normal compilation ;
; HDL message level                                                               ; Level2             ; Level2             ;
; Suppress Register Optimization Related Messages                                 ; Off                ; Off                ;
; Number of Removed Registers Reported in Synthesis Report                        ; 5000               ; 5000               ;
; Number of Swept Nodes Reported in Synthesis Report                              ; 5000               ; 5000               ;
; Number of Inverted Registers Reported in Synthesis Report                       ; 100                ; 100                ;
; Clock MUX Protection                                                            ; On                 ; On                 ;
; Auto Gated Clock Conversion                                                     ; Off                ; Off                ;
; Block Design Naming                                                             ; Auto               ; Auto               ;
; SDC constraint protection                                                       ; Off                ; Off                ;
; Synthesis Effort                                                                ; Auto               ; Auto               ;
; Shift Register Replacement - Allow Asynchronous Clear Signal                    ; On                 ; On                 ;
; Pre-Mapping Resynthesis Optimization                                            ; Off                ; Off                ;
; Analysis & Synthesis Message Level                                              ; Medium             ; Medium             ;
; Disable Register Merging Across Hierarchies                                     ; Auto               ; Auto               ;
; Resource Aware Inference For Block RAM                                          ; On                 ; On                 ;
; Automatic Parallel Synthesis                                                    ; On                 ; On                 ;
; Partial Reconfiguration Bitstream ID                                            ; Off                ; Off                ;
+---------------------------------------------------------------------------------+--------------------+--------------------+


+----------------------------------------------------------------+
; Port Connectivity Checks: "sum_n_bit:multiplier_for_2[0].sumj" ;
+------+-------+----------+--------------------------------------+
; Port ; Type  ; Severity ; Details                              ;
+------+-------+----------+--------------------------------------+
; b    ; Input ; Info     ; Stuck at GND                         ;
; c_in ; Input ; Info     ; Stuck at GND                         ;
+------+-------+----------+--------------------------------------+


+---------------------------------+
; Analysis & Elaboration Messages ;
+---------------------------------+
Info: *******************************************************************
Info: Running Quartus Prime Analysis & Elaboration
    Info: Version 18.1.0 Build 625 09/12/2018 SJ Lite Edition
    Info: Processing started: Mon Sep 19 19:14:13 2022
Info: Command: quartus_map --read_settings_files=on --write_settings_files=off ALU -c ALU --analysis_and_elaboration
Warning (18236): Number of processors has not been specified which may cause overloading on shared machines.  Set the global assignment NUM_PARALLEL_PROCESSORS in your QSF to an appropriate value for best performance.
Info (20030): Parallel compilation is enabled and will use 2 of the 2 processors detected
Info (12021): Found 1 design units, including 1 entities, in source file or_gate_1.sv
    Info (12023): Found entity 1: or_gate_1 File: C:/Users/kevin Avevedo/Desktop/Repositorios/GitHub/kacevedo_digital_design_lab_2022/laboratorio_3/or_gate_1.sv Line: 7
Info (12021): Found 1 design units, including 1 entities, in source file or_gate.sv
    Info (12023): Found entity 1: or_gate File: C:/Users/kevin Avevedo/Desktop/Repositorios/GitHub/kacevedo_digital_design_lab_2022/laboratorio_3/or_gate.sv Line: 7
Info (12021): Found 1 design units, including 1 entities, in source file or_gate_tb.sv
    Info (12023): Found entity 1: or_gate_tb File: C:/Users/kevin Avevedo/Desktop/Repositorios/GitHub/kacevedo_digital_design_lab_2022/laboratorio_3/or_gate_tb.sv Line: 4
Info (12021): Found 1 design units, including 1 entities, in source file and_gate_1.sv
    Info (12023): Found entity 1: and_gate_1 File: C:/Users/kevin Avevedo/Desktop/Repositorios/GitHub/kacevedo_digital_design_lab_2022/laboratorio_3/and_gate_1.sv Line: 7
Info (12021): Found 1 design units, including 1 entities, in source file and_gate.sv
    Info (12023): Found entity 1: and_gate File: C:/Users/kevin Avevedo/Desktop/Repositorios/GitHub/kacevedo_digital_design_lab_2022/laboratorio_3/and_gate.sv Line: 7
Info (12021): Found 1 design units, including 1 entities, in source file and_gate_tb.sv
    Info (12023): Found entity 1: and_gate_tb File: C:/Users/kevin Avevedo/Desktop/Repositorios/GitHub/kacevedo_digital_design_lab_2022/laboratorio_3/and_gate_tb.sv Line: 4
Info (12021): Found 1 design units, including 1 entities, in source file xor_gate_1.sv
    Info (12023): Found entity 1: xor_gate_1 File: C:/Users/kevin Avevedo/Desktop/Repositorios/GitHub/kacevedo_digital_design_lab_2022/laboratorio_3/xor_gate_1.sv Line: 7
Info (12021): Found 1 design units, including 1 entities, in source file xor_gate.sv
    Info (12023): Found entity 1: xor_gate File: C:/Users/kevin Avevedo/Desktop/Repositorios/GitHub/kacevedo_digital_design_lab_2022/laboratorio_3/xor_gate.sv Line: 7
Info (12021): Found 1 design units, including 1 entities, in source file xor_gate_tb.sv
    Info (12023): Found entity 1: xor_gate_tb File: C:/Users/kevin Avevedo/Desktop/Repositorios/GitHub/kacevedo_digital_design_lab_2022/laboratorio_3/xor_gate_tb.sv Line: 4
Info (12021): Found 1 design units, including 1 entities, in source file multiplier_tb.sv
    Info (12023): Found entity 1: multiplier_tb File: C:/Users/kevin Avevedo/Desktop/Repositorios/GitHub/kacevedo_digital_design_lab_2022/laboratorio_3/multiplier_tb.sv Line: 4
Info (12021): Found 1 design units, including 1 entities, in source file multiplier_node.sv
    Info (12023): Found entity 1: multiplier_node File: C:/Users/kevin Avevedo/Desktop/Repositorios/GitHub/kacevedo_digital_design_lab_2022/laboratorio_3/multiplier_node.sv Line: 2
Info (12021): Found 1 design units, including 1 entities, in source file multiplier_node_tb.sv
    Info (12023): Found entity 1: multiplier_node_tb File: C:/Users/kevin Avevedo/Desktop/Repositorios/GitHub/kacevedo_digital_design_lab_2022/laboratorio_3/multiplier_node_tb.sv Line: 4
Info (12021): Found 1 design units, including 1 entities, in source file sum_1_bit.sv
    Info (12023): Found entity 1: sum_1_bit File: C:/Users/kevin Avevedo/Desktop/Repositorios/GitHub/kacevedo_digital_design_lab_2022/laboratorio_3/sum_1_bit.sv Line: 1
Info (12021): Found 1 design units, including 1 entities, in source file sum_n_bit.sv
    Info (12023): Found entity 1: sum_n_bit File: C:/Users/kevin Avevedo/Desktop/Repositorios/GitHub/kacevedo_digital_design_lab_2022/laboratorio_3/sum_n_bit.sv Line: 1
Info (12021): Found 1 design units, including 1 entities, in source file multiplier_god.sv
    Info (12023): Found entity 1: multiplier_god File: C:/Users/kevin Avevedo/Desktop/Repositorios/GitHub/kacevedo_digital_design_lab_2022/laboratorio_3/multiplier_god.sv Line: 13
Info (12021): Found 1 design units, including 1 entities, in source file multiplier_2_tb.sv
    Info (12023): Found entity 1: multiplier_2_tb File: C:/Users/kevin Avevedo/Desktop/Repositorios/GitHub/kacevedo_digital_design_lab_2022/laboratorio_3/multiplier_2_tb.sv Line: 4
Info (12021): Found 1 design units, including 1 entities, in source file multiplier_4_tb.sv
    Info (12023): Found entity 1: multiplier_4_tb File: C:/Users/kevin Avevedo/Desktop/Repositorios/GitHub/kacevedo_digital_design_lab_2022/laboratorio_3/multiplier_4_tb.sv Line: 4
Info (12021): Found 1 design units, including 1 entities, in source file multiplier_6_tb.sv
    Info (12023): Found entity 1: multiplier_6_tb File: C:/Users/kevin Avevedo/Desktop/Repositorios/GitHub/kacevedo_digital_design_lab_2022/laboratorio_3/multiplier_6_tb.sv Line: 4
Info (12127): Elaborating entity "multiplier_god" for the top level hierarchy
Info (12128): Elaborating entity "multiplier_node" for hierarchy "multiplier_node:multiplier_for_1[0].MNi" File: C:/Users/kevin Avevedo/Desktop/Repositorios/GitHub/kacevedo_digital_design_lab_2022/laboratorio_3/multiplier_god.sv Line: 33
Info (12128): Elaborating entity "multiplier_node" for hierarchy "multiplier_node:multiplier_for_1[1].MNi" File: C:/Users/kevin Avevedo/Desktop/Repositorios/GitHub/kacevedo_digital_design_lab_2022/laboratorio_3/multiplier_god.sv Line: 33
Info (12128): Elaborating entity "multiplier_node" for hierarchy "multiplier_node:multiplier_for_1[2].MNi" File: C:/Users/kevin Avevedo/Desktop/Repositorios/GitHub/kacevedo_digital_design_lab_2022/laboratorio_3/multiplier_god.sv Line: 33
Info (12128): Elaborating entity "multiplier_node" for hierarchy "multiplier_node:multiplier_for_1[3].MNi" File: C:/Users/kevin Avevedo/Desktop/Repositorios/GitHub/kacevedo_digital_design_lab_2022/laboratorio_3/multiplier_god.sv Line: 33
Info (12128): Elaborating entity "sum_n_bit" for hierarchy "sum_n_bit:multiplier_for_2[0].sumj" File: C:/Users/kevin Avevedo/Desktop/Repositorios/GitHub/kacevedo_digital_design_lab_2022/laboratorio_3/multiplier_god.sv Line: 50
Info (12128): Elaborating entity "sum_1_bit" for hierarchy "sum_n_bit:multiplier_for_2[0].sumj|sum_1_bit:for_loop[0].sum" File: C:/Users/kevin Avevedo/Desktop/Repositorios/GitHub/kacevedo_digital_design_lab_2022/laboratorio_3/sum_n_bit.sv Line: 11
Info: Quartus Prime Analysis & Elaboration was successful. 0 errors, 1 warning
    Info: Peak virtual memory: 4766 megabytes
    Info: Processing ended: Mon Sep 19 19:14:30 2022
    Info: Elapsed time: 00:00:17
    Info: Total CPU time (on all processors): 00:00:37


