Analysis & Synthesis report for ALU2
Wed Sep 21 03:45:43 2022
Quartus Prime Version 18.1.0 Build 625 09/12/2018 SJ Lite Edition


---------------------
; Table of Contents ;
---------------------
  1. Legal Notice
  2. Analysis & Synthesis Summary
  3. Analysis & Synthesis Settings
  4. Parallel Compilation
  5. Analysis & Synthesis Source Files Read
  6. Analysis & Synthesis Resource Usage Summary
  7. Analysis & Synthesis Resource Utilization by Entity
  8. Analysis & Synthesis DSP Block Usage Summary
  9. General Register Statistics
 10. Parameter Settings for User Entity Instance: ALU:alu
 11. Parameter Settings for User Entity Instance: ALU:alu|op_sum:suma
 12. Parameter Settings for User Entity Instance: ALU:alu|op_sub:resta
 13. Parameter Settings for User Entity Instance: ALU:alu|shift_right:derecha
 14. Parameter Settings for User Entity Instance: ALU:alu|shift_left:isquierda
 15. Parameter Settings for User Entity Instance: ALU:alu|op_and:andM
 16. Parameter Settings for User Entity Instance: ALU:alu|op_or:orM
 17. Parameter Settings for User Entity Instance: ALU:alu|op_xor:xorM
 18. Parameter Settings for User Entity Instance: ALU:alu|multiplier:multi
 19. Parameter Settings for User Entity Instance: ALU:alu|op_div:divi
 20. Parameter Settings for User Entity Instance: ALU:alu|op_mod:modul
 21. Parameter Settings for Inferred Entity Instance: ALU:alu|op_div:divi|lpm_divide:Div0
 22. Parameter Settings for Inferred Entity Instance: ALU:alu|op_mod:modul|lpm_divide:Mod0
 23. Port Connectivity Checks: "ALU:alu|op_sum:suma"
 24. Post-Synthesis Netlist Statistics for Top Partition
 25. Elapsed Time Per Partition
 26. Analysis & Synthesis Messages



----------------
; Legal Notice ;
----------------
Copyright (C) 2018  Intel Corporation. All rights reserved.
Your use of Intel Corporation's design tools, logic functions 
and other software and tools, and its AMPP partner logic 
functions, and any output files from any of the foregoing 
(including device programming or simulation files), and any 
associated documentation or information are expressly subject 
to the terms and conditions of the Intel Program License 
Subscription Agreement, the Intel Quartus Prime License Agreement,
the Intel FPGA IP License Agreement, or other applicable license
agreement, including, without limitation, that your use is for
the sole purpose of programming logic devices manufactured by
Intel and sold by Intel or its authorized distributors.  Please
refer to the applicable agreement for further details.



+-------------------------------------------------------------------------------+
; Analysis & Synthesis Summary                                                  ;
+---------------------------------+---------------------------------------------+
; Analysis & Synthesis Status     ; Successful - Wed Sep 21 03:45:43 2022       ;
; Quartus Prime Version           ; 18.1.0 Build 625 09/12/2018 SJ Lite Edition ;
; Revision Name                   ; ALU2                                        ;
; Top-level Entity Name           ; ALU_FPGA                                    ;
; Family                          ; Cyclone V                                   ;
; Logic utilization (in ALMs)     ; N/A                                         ;
; Total registers                 ; 0                                           ;
; Total pins                      ; 23                                          ;
; Total virtual pins              ; 0                                           ;
; Total block memory bits         ; 0                                           ;
; Total DSP Blocks                ; 1                                           ;
; Total HSSI RX PCSs              ; 0                                           ;
; Total HSSI PMA RX Deserializers ; 0                                           ;
; Total HSSI TX PCSs              ; 0                                           ;
; Total HSSI PMA TX Serializers   ; 0                                           ;
; Total PLLs                      ; 0                                           ;
; Total DLLs                      ; 0                                           ;
+---------------------------------+---------------------------------------------+


+---------------------------------------------------------------------------------------------------------------------------+
; Analysis & Synthesis Settings                                                                                             ;
+---------------------------------------------------------------------------------+--------------------+--------------------+
; Option                                                                          ; Setting            ; Default Value      ;
+---------------------------------------------------------------------------------+--------------------+--------------------+
; Device                                                                          ; 5CSEMA5F31C6       ;                    ;
; Top-level entity name                                                           ; ALU_FPGA           ; ALU2               ;
; Family name                                                                     ; Cyclone V          ; Cyclone V          ;
; Use smart compilation                                                           ; Off                ; Off                ;
; Enable parallel Assembler and Timing Analyzer during compilation                ; On                 ; On                 ;
; Enable compact report table                                                     ; Off                ; Off                ;
; Restructure Multiplexers                                                        ; Auto               ; Auto               ;
; MLAB Add Timing Constraints For Mixed-Port Feed-Through Mode Setting Don't Care ; Off                ; Off                ;
; Create Debugging Nodes for IP Cores                                             ; Off                ; Off                ;
; Preserve fewer node names                                                       ; On                 ; On                 ;
; Intel FPGA IP Evaluation Mode                                                   ; Enable             ; Enable             ;
; Verilog Version                                                                 ; Verilog_2001       ; Verilog_2001       ;
; VHDL Version                                                                    ; VHDL_1993          ; VHDL_1993          ;
; State Machine Processing                                                        ; Auto               ; Auto               ;
; Safe State Machine                                                              ; Off                ; Off                ;
; Extract Verilog State Machines                                                  ; On                 ; On                 ;
; Extract VHDL State Machines                                                     ; On                 ; On                 ;
; Ignore Verilog initial constructs                                               ; Off                ; Off                ;
; Iteration limit for constant Verilog loops                                      ; 5000               ; 5000               ;
; Iteration limit for non-constant Verilog loops                                  ; 250                ; 250                ;
; Add Pass-Through Logic to Inferred RAMs                                         ; On                 ; On                 ;
; Infer RAMs from Raw Logic                                                       ; On                 ; On                 ;
; Parallel Synthesis                                                              ; On                 ; On                 ;
; DSP Block Balancing                                                             ; Auto               ; Auto               ;
; NOT Gate Push-Back                                                              ; On                 ; On                 ;
; Power-Up Don't Care                                                             ; On                 ; On                 ;
; Remove Redundant Logic Cells                                                    ; Off                ; Off                ;
; Remove Duplicate Registers                                                      ; On                 ; On                 ;
; Ignore CARRY Buffers                                                            ; Off                ; Off                ;
; Ignore CASCADE Buffers                                                          ; Off                ; Off                ;
; Ignore GLOBAL Buffers                                                           ; Off                ; Off                ;
; Ignore ROW GLOBAL Buffers                                                       ; Off                ; Off                ;
; Ignore LCELL Buffers                                                            ; Off                ; Off                ;
; Ignore SOFT Buffers                                                             ; On                 ; On                 ;
; Limit AHDL Integers to 32 Bits                                                  ; Off                ; Off                ;
; Optimization Technique                                                          ; Balanced           ; Balanced           ;
; Carry Chain Length                                                              ; 70                 ; 70                 ;
; Auto Carry Chains                                                               ; On                 ; On                 ;
; Auto Open-Drain Pins                                                            ; On                 ; On                 ;
; Perform WYSIWYG Primitive Resynthesis                                           ; Off                ; Off                ;
; Auto ROM Replacement                                                            ; On                 ; On                 ;
; Auto RAM Replacement                                                            ; On                 ; On                 ;
; Auto DSP Block Replacement                                                      ; On                 ; On                 ;
; Auto Shift Register Replacement                                                 ; Auto               ; Auto               ;
; Allow Shift Register Merging across Hierarchies                                 ; Auto               ; Auto               ;
; Auto Clock Enable Replacement                                                   ; On                 ; On                 ;
; Strict RAM Replacement                                                          ; Off                ; Off                ;
; Allow Synchronous Control Signals                                               ; On                 ; On                 ;
; Force Use of Synchronous Clear Signals                                          ; Off                ; Off                ;
; Auto Resource Sharing                                                           ; Off                ; Off                ;
; Allow Any RAM Size For Recognition                                              ; Off                ; Off                ;
; Allow Any ROM Size For Recognition                                              ; Off                ; Off                ;
; Allow Any Shift Register Size For Recognition                                   ; Off                ; Off                ;
; Use LogicLock Constraints during Resource Balancing                             ; On                 ; On                 ;
; Ignore translate_off and synthesis_off directives                               ; Off                ; Off                ;
; Timing-Driven Synthesis                                                         ; On                 ; On                 ;
; Report Parameter Settings                                                       ; On                 ; On                 ;
; Report Source Assignments                                                       ; On                 ; On                 ;
; Report Connectivity Checks                                                      ; On                 ; On                 ;
; Ignore Maximum Fan-Out Assignments                                              ; Off                ; Off                ;
; Synchronization Register Chain Length                                           ; 3                  ; 3                  ;
; Power Optimization During Synthesis                                             ; Normal compilation ; Normal compilation ;
; HDL message level                                                               ; Level2             ; Level2             ;
; Suppress Register Optimization Related Messages                                 ; Off                ; Off                ;
; Number of Removed Registers Reported in Synthesis Report                        ; 5000               ; 5000               ;
; Number of Swept Nodes Reported in Synthesis Report                              ; 5000               ; 5000               ;
; Number of Inverted Registers Reported in Synthesis Report                       ; 100                ; 100                ;
; Clock MUX Protection                                                            ; On                 ; On                 ;
; Auto Gated Clock Conversion                                                     ; Off                ; Off                ;
; Block Design Naming                                                             ; Auto               ; Auto               ;
; SDC constraint protection                                                       ; Off                ; Off                ;
; Synthesis Effort                                                                ; Auto               ; Auto               ;
; Shift Register Replacement - Allow Asynchronous Clear Signal                    ; On                 ; On                 ;
; Pre-Mapping Resynthesis Optimization                                            ; Off                ; Off                ;
; Analysis & Synthesis Message Level                                              ; Medium             ; Medium             ;
; Disable Register Merging Across Hierarchies                                     ; Auto               ; Auto               ;
; Resource Aware Inference For Block RAM                                          ; On                 ; On                 ;
; Automatic Parallel Synthesis                                                    ; On                 ; On                 ;
; Partial Reconfiguration Bitstream ID                                            ; Off                ; Off                ;
+---------------------------------------------------------------------------------+--------------------+--------------------+


+------------------------------------------+
; Parallel Compilation                     ;
+----------------------------+-------------+
; Processors                 ; Number      ;
+----------------------------+-------------+
; Number detected on machine ; 4           ;
; Maximum allowed            ; 2           ;
;                            ;             ;
; Average used               ; 1.00        ;
; Maximum used               ; 1           ;
;                            ;             ;
; Usage by Processor         ; % Time Used ;
;     Processor 1            ; 100.0%      ;
+----------------------------+-------------+


+--------------------------------------------------------------------------------------------------------------------------------------------------------------------------+
; Analysis & Synthesis Source Files Read                                                                                                                                   ;
+----------------------------------+-----------------+------------------------------+----------------------------------------------------------------------------+---------+
; File Name with User-Entered Path ; Used in Netlist ; File Type                    ; File Name with Absolute Path                                               ; Library ;
+----------------------------------+-----------------+------------------------------+----------------------------------------------------------------------------+---------+
; display_hex.sv                   ; yes             ; User SystemVerilog HDL File  ; C:/Users/kevin Avevedo/Desktop/ALU/display_hex.sv                          ;         ;
; ALU_FPGA.sv                      ; yes             ; User SystemVerilog HDL File  ; C:/Users/kevin Avevedo/Desktop/ALU/ALU_FPGA.sv                             ;         ;
; shift_right.sv                   ; yes             ; User SystemVerilog HDL File  ; C:/Users/kevin Avevedo/Desktop/ALU/shift_right.sv                          ;         ;
; shift_left.sv                    ; yes             ; User SystemVerilog HDL File  ; C:/Users/kevin Avevedo/Desktop/ALU/shift_left.sv                           ;         ;
; op_sum.sv                        ; yes             ; User SystemVerilog HDL File  ; C:/Users/kevin Avevedo/Desktop/ALU/op_sum.sv                               ;         ;
; op_sub.sv                        ; yes             ; User SystemVerilog HDL File  ; C:/Users/kevin Avevedo/Desktop/ALU/op_sub.sv                               ;         ;
; op_mod.sv                        ; yes             ; User SystemVerilog HDL File  ; C:/Users/kevin Avevedo/Desktop/ALU/op_mod.sv                               ;         ;
; op_div.sv                        ; yes             ; User SystemVerilog HDL File  ; C:/Users/kevin Avevedo/Desktop/ALU/op_div.sv                               ;         ;
; multiplier.sv                    ; yes             ; User SystemVerilog HDL File  ; C:/Users/kevin Avevedo/Desktop/ALU/multiplier.sv                           ;         ;
; op_and.sv                        ; yes             ; User SystemVerilog HDL File  ; C:/Users/kevin Avevedo/Desktop/ALU/op_and.sv                               ;         ;
; op_or.sv                         ; yes             ; User SystemVerilog HDL File  ; C:/Users/kevin Avevedo/Desktop/ALU/op_or.sv                                ;         ;
; op_xor.sv                        ; yes             ; User SystemVerilog HDL File  ; C:/Users/kevin Avevedo/Desktop/ALU/op_xor.sv                               ;         ;
; ALU.sv                           ; yes             ; User SystemVerilog HDL File  ; C:/Users/kevin Avevedo/Desktop/ALU/ALU.sv                                  ;         ;
; lpm_divide.tdf                   ; yes             ; Megafunction                 ; c:/intelfpga_lite/18.1/quartus/libraries/megafunctions/lpm_divide.tdf      ;         ;
; abs_divider.inc                  ; yes             ; Megafunction                 ; c:/intelfpga_lite/18.1/quartus/libraries/megafunctions/abs_divider.inc     ;         ;
; sign_div_unsign.inc              ; yes             ; Megafunction                 ; c:/intelfpga_lite/18.1/quartus/libraries/megafunctions/sign_div_unsign.inc ;         ;
; aglobal181.inc                   ; yes             ; Megafunction                 ; c:/intelfpga_lite/18.1/quartus/libraries/megafunctions/aglobal181.inc      ;         ;
; db/lpm_divide_1am.tdf            ; yes             ; Auto-Generated Megafunction  ; C:/Users/kevin Avevedo/Desktop/ALU/db/lpm_divide_1am.tdf                   ;         ;
; db/sign_div_unsign_7kh.tdf       ; yes             ; Auto-Generated Megafunction  ; C:/Users/kevin Avevedo/Desktop/ALU/db/sign_div_unsign_7kh.tdf              ;         ;
; db/alt_u_div_kse.tdf             ; yes             ; Auto-Generated Megafunction  ; C:/Users/kevin Avevedo/Desktop/ALU/db/alt_u_div_kse.tdf                    ;         ;
; db/lpm_divide_42m.tdf            ; yes             ; Auto-Generated Megafunction  ; C:/Users/kevin Avevedo/Desktop/ALU/db/lpm_divide_42m.tdf                   ;         ;
+----------------------------------+-----------------+------------------------------+----------------------------------------------------------------------------+---------+


+----------------------------------------------------------+
; Analysis & Synthesis Resource Usage Summary              ;
+---------------------------------------------+------------+
; Resource                                    ; Usage      ;
+---------------------------------------------+------------+
; Estimate of Logic utilization (ALMs needed) ; 55         ;
;                                             ;            ;
; Combinational ALUT usage for logic          ; 97         ;
;     -- 7 input functions                    ; 3          ;
;     -- 6 input functions                    ; 9          ;
;     -- 5 input functions                    ; 18         ;
;     -- 4 input functions                    ; 27         ;
;     -- <=3 input functions                  ; 40         ;
;                                             ;            ;
; Dedicated logic registers                   ; 0          ;
;                                             ;            ;
; I/O pins                                    ; 23         ;
;                                             ;            ;
; Total DSP Blocks                            ; 1          ;
;                                             ;            ;
; Maximum fan-out node                        ; B[3]~input ;
; Maximum fan-out                             ; 29         ;
; Total fan-out                               ; 409        ;
; Average fan-out                             ; 2.84       ;
+---------------------------------------------+------------+


+-----------------------------------------------------------------------------------------------------------------------------------------------------------------------------------------------------------------------------------------------------------------------------------------------------------------------------+
; Analysis & Synthesis Resource Utilization by Entity                                                                                                                                                                                                                                                                         ;
+----------------------------------------------+---------------------+---------------------------+-------------------+------------+------+--------------+--------------------------------------------------------------------------------------------------------------------------------+---------------------+--------------+
; Compilation Hierarchy Node                   ; Combinational ALUTs ; Dedicated Logic Registers ; Block Memory Bits ; DSP Blocks ; Pins ; Virtual Pins ; Full Hierarchy Name                                                                                                            ; Entity Name         ; Library Name ;
+----------------------------------------------+---------------------+---------------------------+-------------------+------------+------+--------------+--------------------------------------------------------------------------------------------------------------------------------+---------------------+--------------+
; |ALU_FPGA                                    ; 97 (0)              ; 0 (0)                     ; 0                 ; 1          ; 23   ; 0            ; |ALU_FPGA                                                                                                                      ; ALU_FPGA            ; work         ;
;    |ALU:alu|                                 ; 90 (25)             ; 0 (0)                     ; 0                 ; 1          ; 0    ; 0            ; |ALU_FPGA|ALU:alu                                                                                                              ; ALU                 ; work         ;
;       |multiplier:multi|                     ; 0 (0)               ; 0 (0)                     ; 0                 ; 1          ; 0    ; 0            ; |ALU_FPGA|ALU:alu|multiplier:multi                                                                                             ; multiplier          ; work         ;
;       |op_div:divi|                          ; 22 (0)              ; 0 (0)                     ; 0                 ; 0          ; 0    ; 0            ; |ALU_FPGA|ALU:alu|op_div:divi                                                                                                  ; op_div              ; work         ;
;          |lpm_divide:Div0|                   ; 22 (0)              ; 0 (0)                     ; 0                 ; 0          ; 0    ; 0            ; |ALU_FPGA|ALU:alu|op_div:divi|lpm_divide:Div0                                                                                  ; lpm_divide          ; work         ;
;             |lpm_divide_1am:auto_generated|  ; 22 (0)              ; 0 (0)                     ; 0                 ; 0          ; 0    ; 0            ; |ALU_FPGA|ALU:alu|op_div:divi|lpm_divide:Div0|lpm_divide_1am:auto_generated                                                    ; lpm_divide_1am      ; work         ;
;                |sign_div_unsign_7kh:divider| ; 22 (0)              ; 0 (0)                     ; 0                 ; 0          ; 0    ; 0            ; |ALU_FPGA|ALU:alu|op_div:divi|lpm_divide:Div0|lpm_divide_1am:auto_generated|sign_div_unsign_7kh:divider                        ; sign_div_unsign_7kh ; work         ;
;                   |alt_u_div_kse:divider|    ; 22 (22)             ; 0 (0)                     ; 0                 ; 0          ; 0    ; 0            ; |ALU_FPGA|ALU:alu|op_div:divi|lpm_divide:Div0|lpm_divide_1am:auto_generated|sign_div_unsign_7kh:divider|alt_u_div_kse:divider  ; alt_u_div_kse       ; work         ;
;       |op_mod:modul|                         ; 22 (0)              ; 0 (0)                     ; 0                 ; 0          ; 0    ; 0            ; |ALU_FPGA|ALU:alu|op_mod:modul                                                                                                 ; op_mod              ; work         ;
;          |lpm_divide:Mod0|                   ; 22 (0)              ; 0 (0)                     ; 0                 ; 0          ; 0    ; 0            ; |ALU_FPGA|ALU:alu|op_mod:modul|lpm_divide:Mod0                                                                                 ; lpm_divide          ; work         ;
;             |lpm_divide_42m:auto_generated|  ; 22 (0)              ; 0 (0)                     ; 0                 ; 0          ; 0    ; 0            ; |ALU_FPGA|ALU:alu|op_mod:modul|lpm_divide:Mod0|lpm_divide_42m:auto_generated                                                   ; lpm_divide_42m      ; work         ;
;                |sign_div_unsign_7kh:divider| ; 22 (0)              ; 0 (0)                     ; 0                 ; 0          ; 0    ; 0            ; |ALU_FPGA|ALU:alu|op_mod:modul|lpm_divide:Mod0|lpm_divide_42m:auto_generated|sign_div_unsign_7kh:divider                       ; sign_div_unsign_7kh ; work         ;
;                   |alt_u_div_kse:divider|    ; 22 (22)             ; 0 (0)                     ; 0                 ; 0          ; 0    ; 0            ; |ALU_FPGA|ALU:alu|op_mod:modul|lpm_divide:Mod0|lpm_divide_42m:auto_generated|sign_div_unsign_7kh:divider|alt_u_div_kse:divider ; alt_u_div_kse       ; work         ;
;       |op_sub:resta|                         ; 5 (5)               ; 0 (0)                     ; 0                 ; 0          ; 0    ; 0            ; |ALU_FPGA|ALU:alu|op_sub:resta                                                                                                 ; op_sub              ; work         ;
;       |op_sum:suma|                          ; 5 (5)               ; 0 (0)                     ; 0                 ; 0          ; 0    ; 0            ; |ALU_FPGA|ALU:alu|op_sum:suma                                                                                                  ; op_sum              ; work         ;
;       |shift_left:isquierda|                 ; 6 (6)               ; 0 (0)                     ; 0                 ; 0          ; 0    ; 0            ; |ALU_FPGA|ALU:alu|shift_left:isquierda                                                                                         ; shift_left          ; work         ;
;       |shift_right:derecha|                  ; 5 (5)               ; 0 (0)                     ; 0                 ; 0          ; 0    ; 0            ; |ALU_FPGA|ALU:alu|shift_right:derecha                                                                                          ; shift_right         ; work         ;
;    |display_hex:display|                     ; 7 (7)               ; 0 (0)                     ; 0                 ; 0          ; 0    ; 0            ; |ALU_FPGA|display_hex:display                                                                                                  ; display_hex         ; work         ;
+----------------------------------------------+---------------------+---------------------------+-------------------+------------+------+--------------+--------------------------------------------------------------------------------------------------------------------------------+---------------------+--------------+
Note: For table entries with two numbers listed, the numbers in parentheses indicate the number of resources of the given type used by the specific entity alone. The numbers listed outside of parentheses indicate the total resources of the given type used by the specific entity and all of its sub-entities in the hierarchy.


+-----------------------------------------------+
; Analysis & Synthesis DSP Block Usage Summary  ;
+---------------------------------+-------------+
; Statistic                       ; Number Used ;
+---------------------------------+-------------+
; Independent 9x9                 ; 1           ;
; Total number of DSP blocks      ; 1           ;
;                                 ;             ;
; Fixed Point Unsigned Multiplier ; 1           ;
+---------------------------------+-------------+


+------------------------------------------------------+
; General Register Statistics                          ;
+----------------------------------------------+-------+
; Statistic                                    ; Value ;
+----------------------------------------------+-------+
; Total registers                              ; 0     ;
; Number of registers using Synchronous Clear  ; 0     ;
; Number of registers using Synchronous Load   ; 0     ;
; Number of registers using Asynchronous Clear ; 0     ;
; Number of registers using Asynchronous Load  ; 0     ;
; Number of registers using Clock Enable       ; 0     ;
; Number of registers using Preset             ; 0     ;
+----------------------------------------------+-------+


+------------------------------------------------------+
; Parameter Settings for User Entity Instance: ALU:alu ;
+----------------+-------+-----------------------------+
; Parameter Name ; Value ; Type                        ;
+----------------+-------+-----------------------------+
; P              ; 4     ; Signed Integer              ;
+----------------+-------+-----------------------------+
Note: In order to hide this table in the UI and the text report file, please set the "Show Parameter Settings in Synthesis Report" option in "Analysis and Synthesis Settings -> More Settings" to "Off".


+------------------------------------------------------------------+
; Parameter Settings for User Entity Instance: ALU:alu|op_sum:suma ;
+----------------+-------+-----------------------------------------+
; Parameter Name ; Value ; Type                                    ;
+----------------+-------+-----------------------------------------+
; N              ; 4     ; Signed Integer                          ;
+----------------+-------+-----------------------------------------+
Note: In order to hide this table in the UI and the text report file, please set the "Show Parameter Settings in Synthesis Report" option in "Analysis and Synthesis Settings -> More Settings" to "Off".


+-------------------------------------------------------------------+
; Parameter Settings for User Entity Instance: ALU:alu|op_sub:resta ;
+----------------+-------+------------------------------------------+
; Parameter Name ; Value ; Type                                     ;
+----------------+-------+------------------------------------------+
; N              ; 4     ; Signed Integer                           ;
+----------------+-------+------------------------------------------+
Note: In order to hide this table in the UI and the text report file, please set the "Show Parameter Settings in Synthesis Report" option in "Analysis and Synthesis Settings -> More Settings" to "Off".


+--------------------------------------------------------------------------+
; Parameter Settings for User Entity Instance: ALU:alu|shift_right:derecha ;
+----------------+-------+-------------------------------------------------+
; Parameter Name ; Value ; Type                                            ;
+----------------+-------+-------------------------------------------------+
; N              ; 4     ; Signed Integer                                  ;
+----------------+-------+-------------------------------------------------+
Note: In order to hide this table in the UI and the text report file, please set the "Show Parameter Settings in Synthesis Report" option in "Analysis and Synthesis Settings -> More Settings" to "Off".


+---------------------------------------------------------------------------+
; Parameter Settings for User Entity Instance: ALU:alu|shift_left:isquierda ;
+----------------+-------+--------------------------------------------------+
; Parameter Name ; Value ; Type                                             ;
+----------------+-------+--------------------------------------------------+
; N              ; 4     ; Signed Integer                                   ;
+----------------+-------+--------------------------------------------------+
Note: In order to hide this table in the UI and the text report file, please set the "Show Parameter Settings in Synthesis Report" option in "Analysis and Synthesis Settings -> More Settings" to "Off".


+------------------------------------------------------------------+
; Parameter Settings for User Entity Instance: ALU:alu|op_and:andM ;
+----------------+-------+-----------------------------------------+
; Parameter Name ; Value ; Type                                    ;
+----------------+-------+-----------------------------------------+
; N              ; 4     ; Signed Integer                          ;
+----------------+-------+-----------------------------------------+
Note: In order to hide this table in the UI and the text report file, please set the "Show Parameter Settings in Synthesis Report" option in "Analysis and Synthesis Settings -> More Settings" to "Off".


+----------------------------------------------------------------+
; Parameter Settings for User Entity Instance: ALU:alu|op_or:orM ;
+----------------+-------+---------------------------------------+
; Parameter Name ; Value ; Type                                  ;
+----------------+-------+---------------------------------------+
; N              ; 4     ; Signed Integer                        ;
+----------------+-------+---------------------------------------+
Note: In order to hide this table in the UI and the text report file, please set the "Show Parameter Settings in Synthesis Report" option in "Analysis and Synthesis Settings -> More Settings" to "Off".


+------------------------------------------------------------------+
; Parameter Settings for User Entity Instance: ALU:alu|op_xor:xorM ;
+----------------+-------+-----------------------------------------+
; Parameter Name ; Value ; Type                                    ;
+----------------+-------+-----------------------------------------+
; N              ; 4     ; Signed Integer                          ;
+----------------+-------+-----------------------------------------+
Note: In order to hide this table in the UI and the text report file, please set the "Show Parameter Settings in Synthesis Report" option in "Analysis and Synthesis Settings -> More Settings" to "Off".


+-----------------------------------------------------------------------+
; Parameter Settings for User Entity Instance: ALU:alu|multiplier:multi ;
+----------------+-------+----------------------------------------------+
; Parameter Name ; Value ; Type                                         ;
+----------------+-------+----------------------------------------------+
; N              ; 4     ; Signed Integer                               ;
+----------------+-------+----------------------------------------------+
Note: In order to hide this table in the UI and the text report file, please set the "Show Parameter Settings in Synthesis Report" option in "Analysis and Synthesis Settings -> More Settings" to "Off".


+------------------------------------------------------------------+
; Parameter Settings for User Entity Instance: ALU:alu|op_div:divi ;
+----------------+-------+-----------------------------------------+
; Parameter Name ; Value ; Type                                    ;
+----------------+-------+-----------------------------------------+
; N              ; 4     ; Signed Integer                          ;
+----------------+-------+-----------------------------------------+
Note: In order to hide this table in the UI and the text report file, please set the "Show Parameter Settings in Synthesis Report" option in "Analysis and Synthesis Settings -> More Settings" to "Off".


+-------------------------------------------------------------------+
; Parameter Settings for User Entity Instance: ALU:alu|op_mod:modul ;
+----------------+-------+------------------------------------------+
; Parameter Name ; Value ; Type                                     ;
+----------------+-------+------------------------------------------+
; N              ; 4     ; Signed Integer                           ;
+----------------+-------+------------------------------------------+
Note: In order to hide this table in the UI and the text report file, please set the "Show Parameter Settings in Synthesis Report" option in "Analysis and Synthesis Settings -> More Settings" to "Off".


+--------------------------------------------------------------------------------------+
; Parameter Settings for Inferred Entity Instance: ALU:alu|op_div:divi|lpm_divide:Div0 ;
+------------------------+----------------+--------------------------------------------+
; Parameter Name         ; Value          ; Type                                       ;
+------------------------+----------------+--------------------------------------------+
; LPM_WIDTHN             ; 4              ; Untyped                                    ;
; LPM_WIDTHD             ; 4              ; Untyped                                    ;
; LPM_NREPRESENTATION    ; UNSIGNED       ; Untyped                                    ;
; LPM_DREPRESENTATION    ; UNSIGNED       ; Untyped                                    ;
; LPM_PIPELINE           ; 0              ; Untyped                                    ;
; LPM_REMAINDERPOSITIVE  ; TRUE           ; Untyped                                    ;
; MAXIMIZE_SPEED         ; 5              ; Untyped                                    ;
; CBXI_PARAMETER         ; lpm_divide_1am ; Untyped                                    ;
; CARRY_CHAIN            ; MANUAL         ; Untyped                                    ;
; OPTIMIZE_FOR_SPEED     ; 5              ; Untyped                                    ;
; AUTO_CARRY_CHAINS      ; ON             ; AUTO_CARRY                                 ;
; IGNORE_CARRY_BUFFERS   ; OFF            ; IGNORE_CARRY                               ;
; AUTO_CASCADE_CHAINS    ; ON             ; AUTO_CASCADE                               ;
; IGNORE_CASCADE_BUFFERS ; OFF            ; IGNORE_CASCADE                             ;
+------------------------+----------------+--------------------------------------------+
Note: In order to hide this table in the UI and the text report file, please set the "Show Parameter Settings in Synthesis Report" option in "Analysis and Synthesis Settings -> More Settings" to "Off".


+---------------------------------------------------------------------------------------+
; Parameter Settings for Inferred Entity Instance: ALU:alu|op_mod:modul|lpm_divide:Mod0 ;
+------------------------+----------------+---------------------------------------------+
; Parameter Name         ; Value          ; Type                                        ;
+------------------------+----------------+---------------------------------------------+
; LPM_WIDTHN             ; 4              ; Untyped                                     ;
; LPM_WIDTHD             ; 4              ; Untyped                                     ;
; LPM_NREPRESENTATION    ; UNSIGNED       ; Untyped                                     ;
; LPM_DREPRESENTATION    ; UNSIGNED       ; Untyped                                     ;
; LPM_PIPELINE           ; 0              ; Untyped                                     ;
; LPM_REMAINDERPOSITIVE  ; TRUE           ; Untyped                                     ;
; MAXIMIZE_SPEED         ; 5              ; Untyped                                     ;
; CBXI_PARAMETER         ; lpm_divide_42m ; Untyped                                     ;
; CARRY_CHAIN            ; MANUAL         ; Untyped                                     ;
; OPTIMIZE_FOR_SPEED     ; 5              ; Untyped                                     ;
; AUTO_CARRY_CHAINS      ; ON             ; AUTO_CARRY                                  ;
; IGNORE_CARRY_BUFFERS   ; OFF            ; IGNORE_CARRY                                ;
; AUTO_CASCADE_CHAINS    ; ON             ; AUTO_CASCADE                                ;
; IGNORE_CASCADE_BUFFERS ; OFF            ; IGNORE_CASCADE                              ;
+------------------------+----------------+---------------------------------------------+
Note: In order to hide this table in the UI and the text report file, please set the "Show Parameter Settings in Synthesis Report" option in "Analysis and Synthesis Settings -> More Settings" to "Off".


+------------------------------------------------------------------------------------------------------------------------------------------------------------------------------------------------------------------+
; Port Connectivity Checks: "ALU:alu|op_sum:suma"                                                                                                                                                                  ;
+----------+-------+----------+------------------------------------------------------------------------------------------------------------------------------------------------------------------------------------+
; Port     ; Type  ; Severity ; Details                                                                                                                                                                            ;
+----------+-------+----------+------------------------------------------------------------------------------------------------------------------------------------------------------------------------------------+
; c_in     ; Input ; Warning  ; Input port expression (32 bits) is wider than the input port (1 bits) it drives.  The 31 most-significant bit(s) in the expression will be dangling if they have no other fanouts. ;
; c_in[-1] ; Input ; Info     ; Stuck at GND                                                                                                                                                                       ;
+----------+-------+----------+------------------------------------------------------------------------------------------------------------------------------------------------------------------------------------+


+-----------------------------------------------------+
; Post-Synthesis Netlist Statistics for Top Partition ;
+-----------------------+-----------------------------+
; Type                  ; Count                       ;
+-----------------------+-----------------------------+
; arriav_lcell_comb     ; 98                          ;
;     arith             ; 12                          ;
;         0 data inputs ; 4                           ;
;         2 data inputs ; 2                           ;
;         5 data inputs ; 6                           ;
;     extend            ; 3                           ;
;         7 data inputs ; 3                           ;
;     normal            ; 55                          ;
;         1 data inputs ; 1                           ;
;         2 data inputs ; 4                           ;
;         3 data inputs ; 8                           ;
;         4 data inputs ; 21                          ;
;         5 data inputs ; 12                          ;
;         6 data inputs ; 9                           ;
;     shared            ; 28                          ;
;         0 data inputs ; 8                           ;
;         2 data inputs ; 14                          ;
;         4 data inputs ; 6                           ;
; arriav_mac            ; 1                           ;
; boundary_port         ; 23                          ;
;                       ;                             ;
; Max LUT depth         ; 10.50                       ;
; Average LUT depth     ; 7.90                        ;
+-----------------------+-----------------------------+


+-------------------------------+
; Elapsed Time Per Partition    ;
+----------------+--------------+
; Partition Name ; Elapsed Time ;
+----------------+--------------+
; Top            ; 00:00:03     ;
+----------------+--------------+


+-------------------------------+
; Analysis & Synthesis Messages ;
+-------------------------------+
Info: *******************************************************************
Info: Running Quartus Prime Analysis & Synthesis
    Info: Version 18.1.0 Build 625 09/12/2018 SJ Lite Edition
    Info: Processing started: Wed Sep 21 03:45:14 2022
Info: Command: quartus_map --read_settings_files=on --write_settings_files=off ALU2 -c ALU2
Warning (18236): Number of processors has not been specified which may cause overloading on shared machines.  Set the global assignment NUM_PARALLEL_PROCESSORS in your QSF to an appropriate value for best performance.
Info (20030): Parallel compilation is enabled and will use 2 of the 2 processors detected
Info (12021): Found 1 design units, including 1 entities, in source file display_hex.sv
    Info (12023): Found entity 1: display_hex File: C:/Users/kevin Avevedo/Desktop/ALU/display_hex.sv Line: 1
Info (12021): Found 1 design units, including 1 entities, in source file alu_tb.sv
    Info (12023): Found entity 1: ALU_tb File: C:/Users/kevin Avevedo/Desktop/ALU/ALU_tb.sv Line: 4
Info (12021): Found 1 design units, including 1 entities, in source file alu_fpga.sv
    Info (12023): Found entity 1: ALU_FPGA File: C:/Users/kevin Avevedo/Desktop/ALU/ALU_FPGA.sv Line: 1
Info (12021): Found 1 design units, including 1 entities, in source file shift_right_tb.sv
    Info (12023): Found entity 1: shift_right_tb File: C:/Users/kevin Avevedo/Desktop/ALU/shift_right_tb.sv Line: 4
Info (12021): Found 1 design units, including 1 entities, in source file shift_right.sv
    Info (12023): Found entity 1: shift_right File: C:/Users/kevin Avevedo/Desktop/ALU/shift_right.sv Line: 10
Info (12021): Found 1 design units, including 1 entities, in source file shift_left_tb.sv
    Info (12023): Found entity 1: shift_left_tb File: C:/Users/kevin Avevedo/Desktop/ALU/shift_left_tb.sv Line: 4
Info (12021): Found 1 design units, including 1 entities, in source file shift_left.sv
    Info (12023): Found entity 1: shift_left File: C:/Users/kevin Avevedo/Desktop/ALU/shift_left.sv Line: 11
Info (12021): Found 1 design units, including 1 entities, in source file op_sum_tb.sv
    Info (12023): Found entity 1: op_sum_tb File: C:/Users/kevin Avevedo/Desktop/ALU/op_sum_tb.sv Line: 2
Info (12021): Found 1 design units, including 1 entities, in source file op_sum.sv
    Info (12023): Found entity 1: op_sum File: C:/Users/kevin Avevedo/Desktop/ALU/op_sum.sv Line: 1
Info (12021): Found 1 design units, including 1 entities, in source file op_sub_tb.sv
    Info (12023): Found entity 1: op_sub_tb File: C:/Users/kevin Avevedo/Desktop/ALU/op_sub_tb.sv Line: 2
Info (12021): Found 1 design units, including 1 entities, in source file op_sub.sv
    Info (12023): Found entity 1: op_sub File: C:/Users/kevin Avevedo/Desktop/ALU/op_sub.sv Line: 1
Info (12021): Found 1 design units, including 1 entities, in source file op_mod_tb.sv
    Info (12023): Found entity 1: op_mod_tb File: C:/Users/kevin Avevedo/Desktop/ALU/op_mod_tb.sv Line: 2
Info (12021): Found 1 design units, including 1 entities, in source file op_mod.sv
    Info (12023): Found entity 1: op_mod File: C:/Users/kevin Avevedo/Desktop/ALU/op_mod.sv Line: 1
Info (12021): Found 1 design units, including 1 entities, in source file op_div_tb.sv
    Info (12023): Found entity 1: op_div_tb File: C:/Users/kevin Avevedo/Desktop/ALU/op_div_tb.sv Line: 2
Info (12021): Found 1 design units, including 1 entities, in source file op_div.sv
    Info (12023): Found entity 1: op_div File: C:/Users/kevin Avevedo/Desktop/ALU/op_div.sv Line: 1
Info (12021): Found 1 design units, including 1 entities, in source file multiplier.sv
    Info (12023): Found entity 1: multiplier File: C:/Users/kevin Avevedo/Desktop/ALU/multiplier.sv Line: 7
Info (12021): Found 1 design units, including 1 entities, in source file multiplier_tb.sv
    Info (12023): Found entity 1: multiplier_tb File: C:/Users/kevin Avevedo/Desktop/ALU/multiplier_tb.sv Line: 4
Info (12021): Found 1 design units, including 1 entities, in source file op_and.sv
    Info (12023): Found entity 1: op_and File: C:/Users/kevin Avevedo/Desktop/ALU/op_and.sv Line: 6
Info (12021): Found 1 design units, including 1 entities, in source file op_and_tb.sv
    Info (12023): Found entity 1: op_and_tb File: C:/Users/kevin Avevedo/Desktop/ALU/op_and_tb.sv Line: 5
Info (12021): Found 1 design units, including 1 entities, in source file op_or.sv
    Info (12023): Found entity 1: op_or File: C:/Users/kevin Avevedo/Desktop/ALU/op_or.sv Line: 6
Info (12021): Found 1 design units, including 1 entities, in source file op_or_tb.sv
    Info (12023): Found entity 1: op_or_tb File: C:/Users/kevin Avevedo/Desktop/ALU/op_or_tb.sv Line: 4
Info (12021): Found 1 design units, including 1 entities, in source file op_xor.sv
    Info (12023): Found entity 1: op_xor File: C:/Users/kevin Avevedo/Desktop/ALU/op_xor.sv Line: 7
Info (12021): Found 1 design units, including 1 entities, in source file op_xor_tb.sv
    Info (12023): Found entity 1: op_xor_tb File: C:/Users/kevin Avevedo/Desktop/ALU/op_xor_tb.sv Line: 4
Info (12021): Found 1 design units, including 1 entities, in source file alu.sv
    Info (12023): Found entity 1: ALU File: C:/Users/kevin Avevedo/Desktop/ALU/ALU.sv Line: 28
Info (12127): Elaborating entity "ALU_FPGA" for the top level hierarchy
Info (12128): Elaborating entity "ALU" for hierarchy "ALU:alu" File: C:/Users/kevin Avevedo/Desktop/ALU/ALU_FPGA.sv Line: 8
Warning (10235): Verilog HDL Always Construct warning at ALU.sv(85): variable "OP" is read inside the Always Construct but isn't in the Always Construct's Event Control File: C:/Users/kevin Avevedo/Desktop/ALU/ALU.sv Line: 85
Warning (10235): Verilog HDL Always Construct warning at ALU.sv(86): variable "add_res" is read inside the Always Construct but isn't in the Always Construct's Event Control File: C:/Users/kevin Avevedo/Desktop/ALU/ALU.sv Line: 86
Warning (10235): Verilog HDL Always Construct warning at ALU.sv(88): variable "sub_res" is read inside the Always Construct but isn't in the Always Construct's Event Control File: C:/Users/kevin Avevedo/Desktop/ALU/ALU.sv Line: 88
Warning (10235): Verilog HDL Always Construct warning at ALU.sv(90): variable "shift_right_res" is read inside the Always Construct but isn't in the Always Construct's Event Control File: C:/Users/kevin Avevedo/Desktop/ALU/ALU.sv Line: 90
Warning (10235): Verilog HDL Always Construct warning at ALU.sv(92): variable "shift_left_res" is read inside the Always Construct but isn't in the Always Construct's Event Control File: C:/Users/kevin Avevedo/Desktop/ALU/ALU.sv Line: 92
Warning (10235): Verilog HDL Always Construct warning at ALU.sv(94): variable "and_res" is read inside the Always Construct but isn't in the Always Construct's Event Control File: C:/Users/kevin Avevedo/Desktop/ALU/ALU.sv Line: 94
Warning (10235): Verilog HDL Always Construct warning at ALU.sv(96): variable "or_res" is read inside the Always Construct but isn't in the Always Construct's Event Control File: C:/Users/kevin Avevedo/Desktop/ALU/ALU.sv Line: 96
Warning (10235): Verilog HDL Always Construct warning at ALU.sv(98): variable "xor_res" is read inside the Always Construct but isn't in the Always Construct's Event Control File: C:/Users/kevin Avevedo/Desktop/ALU/ALU.sv Line: 98
Warning (10235): Verilog HDL Always Construct warning at ALU.sv(100): variable "mul_res" is read inside the Always Construct but isn't in the Always Construct's Event Control File: C:/Users/kevin Avevedo/Desktop/ALU/ALU.sv Line: 100
Warning (10235): Verilog HDL Always Construct warning at ALU.sv(102): variable "div_res" is read inside the Always Construct but isn't in the Always Construct's Event Control File: C:/Users/kevin Avevedo/Desktop/ALU/ALU.sv Line: 102
Warning (10235): Verilog HDL Always Construct warning at ALU.sv(104): variable "mod_res" is read inside the Always Construct but isn't in the Always Construct's Event Control File: C:/Users/kevin Avevedo/Desktop/ALU/ALU.sv Line: 104
Info (12128): Elaborating entity "op_sum" for hierarchy "ALU:alu|op_sum:suma" File: C:/Users/kevin Avevedo/Desktop/ALU/ALU.sv Line: 42
Info (12128): Elaborating entity "op_sub" for hierarchy "ALU:alu|op_sub:resta" File: C:/Users/kevin Avevedo/Desktop/ALU/ALU.sv Line: 45
Info (12128): Elaborating entity "shift_right" for hierarchy "ALU:alu|shift_right:derecha" File: C:/Users/kevin Avevedo/Desktop/ALU/ALU.sv Line: 48
Info (12128): Elaborating entity "shift_left" for hierarchy "ALU:alu|shift_left:isquierda" File: C:/Users/kevin Avevedo/Desktop/ALU/ALU.sv Line: 51
Info (12128): Elaborating entity "op_and" for hierarchy "ALU:alu|op_and:andM" File: C:/Users/kevin Avevedo/Desktop/ALU/ALU.sv Line: 54
Info (12128): Elaborating entity "op_or" for hierarchy "ALU:alu|op_or:orM" File: C:/Users/kevin Avevedo/Desktop/ALU/ALU.sv Line: 57
Info (12128): Elaborating entity "op_xor" for hierarchy "ALU:alu|op_xor:xorM" File: C:/Users/kevin Avevedo/Desktop/ALU/ALU.sv Line: 60
Info (12128): Elaborating entity "multiplier" for hierarchy "ALU:alu|multiplier:multi" File: C:/Users/kevin Avevedo/Desktop/ALU/ALU.sv Line: 63
Info (12128): Elaborating entity "op_div" for hierarchy "ALU:alu|op_div:divi" File: C:/Users/kevin Avevedo/Desktop/ALU/ALU.sv Line: 66
Info (12128): Elaborating entity "op_mod" for hierarchy "ALU:alu|op_mod:modul" File: C:/Users/kevin Avevedo/Desktop/ALU/ALU.sv Line: 69
Info (12128): Elaborating entity "display_hex" for hierarchy "display_hex:display" File: C:/Users/kevin Avevedo/Desktop/ALU/ALU_FPGA.sv Line: 10
Info (278001): Inferred 2 megafunctions from design logic
    Info (278004): Inferred divider/modulo megafunction ("lpm_divide") from the following logic: "ALU:alu|op_div:divi|Div0" File: C:/Users/kevin Avevedo/Desktop/ALU/op_div.sv Line: 5
    Info (278004): Inferred divider/modulo megafunction ("lpm_divide") from the following logic: "ALU:alu|op_mod:modul|Mod0" File: C:/Users/kevin Avevedo/Desktop/ALU/op_mod.sv Line: 5
Info (12130): Elaborated megafunction instantiation "ALU:alu|op_div:divi|lpm_divide:Div0" File: C:/Users/kevin Avevedo/Desktop/ALU/op_div.sv Line: 5
Info (12133): Instantiated megafunction "ALU:alu|op_div:divi|lpm_divide:Div0" with the following parameter: File: C:/Users/kevin Avevedo/Desktop/ALU/op_div.sv Line: 5
    Info (12134): Parameter "LPM_WIDTHN" = "4"
    Info (12134): Parameter "LPM_WIDTHD" = "4"
    Info (12134): Parameter "LPM_NREPRESENTATION" = "UNSIGNED"
    Info (12134): Parameter "LPM_DREPRESENTATION" = "UNSIGNED"
Info (12021): Found 1 design units, including 1 entities, in source file db/lpm_divide_1am.tdf
    Info (12023): Found entity 1: lpm_divide_1am File: C:/Users/kevin Avevedo/Desktop/ALU/db/lpm_divide_1am.tdf Line: 24
Info (12021): Found 1 design units, including 1 entities, in source file db/sign_div_unsign_7kh.tdf
    Info (12023): Found entity 1: sign_div_unsign_7kh File: C:/Users/kevin Avevedo/Desktop/ALU/db/sign_div_unsign_7kh.tdf Line: 24
Info (12021): Found 1 design units, including 1 entities, in source file db/alt_u_div_kse.tdf
    Info (12023): Found entity 1: alt_u_div_kse File: C:/Users/kevin Avevedo/Desktop/ALU/db/alt_u_div_kse.tdf Line: 22
Info (12130): Elaborated megafunction instantiation "ALU:alu|op_mod:modul|lpm_divide:Mod0" File: C:/Users/kevin Avevedo/Desktop/ALU/op_mod.sv Line: 5
Info (12133): Instantiated megafunction "ALU:alu|op_mod:modul|lpm_divide:Mod0" with the following parameter: File: C:/Users/kevin Avevedo/Desktop/ALU/op_mod.sv Line: 5
    Info (12134): Parameter "LPM_WIDTHN" = "4"
    Info (12134): Parameter "LPM_WIDTHD" = "4"
    Info (12134): Parameter "LPM_NREPRESENTATION" = "UNSIGNED"
    Info (12134): Parameter "LPM_DREPRESENTATION" = "UNSIGNED"
Info (12021): Found 1 design units, including 1 entities, in source file db/lpm_divide_42m.tdf
    Info (12023): Found entity 1: lpm_divide_42m File: C:/Users/kevin Avevedo/Desktop/ALU/db/lpm_divide_42m.tdf Line: 24
Warning (12241): 1 hierarchies have connectivity warnings - see the Connectivity Checks report folder
Info (286030): Timing-Driven Synthesis is running
Info (16010): Generating hard_block partition "hard_block:auto_generated_inst"
    Info (16011): Adding 0 node(s), including 0 DDIO, 0 PLL, 0 transceiver and 0 LCELL
Info (21057): Implemented 121 device resources after synthesis - the final resource count might be different
    Info (21058): Implemented 12 input pins
    Info (21059): Implemented 11 output pins
    Info (21061): Implemented 97 logic cells
    Info (21062): Implemented 1 DSP elements
Info: Quartus Prime Analysis & Synthesis was successful. 0 errors, 13 warnings
    Info: Peak virtual memory: 4807 megabytes
    Info: Processing ended: Wed Sep 21 03:45:43 2022
    Info: Elapsed time: 00:00:29
    Info: Total CPU time (on all processors): 00:00:44


