Assembler report for deco_binario_bcd
Fri Sep 02 13:18:07 2022
Quartus Prime Version 18.1.0 Build 625 09/12/2018 SJ Lite Edition


---------------------
; Table of Contents ;
---------------------
  1. Legal Notice
  2. Assembler Summary
  3. Assembler Settings
  4. Assembler Generated Files
  5. Assembler Device Options: C:/Users/kevin Avevedo/Desktop/Repositorios/GitHub/kacevedo_digital_design_lab_2022/laboratorio_2/experimento_1_quartus/output_files/deco_binario_bcd.sof
  6. Assembler Messages



----------------
; Legal Notice ;
----------------
Copyright (C) 2018  Intel Corporation. All rights reserved.
Your use of Intel Corporation's design tools, logic functions 
and other software and tools, and its AMPP partner logic 
functions, and any output files from any of the foregoing 
(including device programming or simulation files), and any 
associated documentation or information are expressly subject 
to the terms and conditions of the Intel Program License 
Subscription Agreement, the Intel Quartus Prime License Agreement,
the Intel FPGA IP License Agreement, or other applicable license
agreement, including, without limitation, that your use is for
the sole purpose of programming logic devices manufactured by
Intel and sold by Intel or its authorized distributors.  Please
refer to the applicable agreement for further details.



+---------------------------------------------------------------+
; Assembler Summary                                             ;
+-----------------------+---------------------------------------+
; Assembler Status      ; Successful - Fri Sep 02 13:18:07 2022 ;
; Revision Name         ; deco_binario_bcd                      ;
; Top-level Entity Name ; binario_display                       ;
; Family                ; Cyclone V                             ;
; Device                ; 5CSEMA5F31C6                          ;
+-----------------------+---------------------------------------+


+----------------------------------+
; Assembler Settings               ;
+--------+---------+---------------+
; Option ; Setting ; Default Value ;
+--------+---------+---------------+


+-----------------------------------------------------------------------------------------------------------------------------------------------------------+
; Assembler Generated Files                                                                                                                                 ;
+-----------------------------------------------------------------------------------------------------------------------------------------------------------+
; File Name                                                                                                                                                 ;
+-----------------------------------------------------------------------------------------------------------------------------------------------------------+
; C:/Users/kevin Avevedo/Desktop/Repositorios/GitHub/kacevedo_digital_design_lab_2022/laboratorio_2/experimento_1_quartus/output_files/deco_binario_bcd.sof ;
+-----------------------------------------------------------------------------------------------------------------------------------------------------------+


+-------------------------------------------------------------------------------------------------------------------------------------------------------------------------------------+
; Assembler Device Options: C:/Users/kevin Avevedo/Desktop/Repositorios/GitHub/kacevedo_digital_design_lab_2022/laboratorio_2/experimento_1_quartus/output_files/deco_binario_bcd.sof ;
+----------------+--------------------------------------------------------------------------------------------------------------------------------------------------------------------+
; Option         ; Setting                                                                                                                                                            ;
+----------------+--------------------------------------------------------------------------------------------------------------------------------------------------------------------+
; JTAG usercode  ; 0x00AF7E81                                                                                                                                                         ;
; Checksum       ; 0x00AF7E81                                                                                                                                                         ;
+----------------+--------------------------------------------------------------------------------------------------------------------------------------------------------------------+


+--------------------+
; Assembler Messages ;
+--------------------+
Info: *******************************************************************
Info: Running Quartus Prime Assembler
    Info: Version 18.1.0 Build 625 09/12/2018 SJ Lite Edition
    Info: Processing started: Fri Sep 02 13:17:46 2022
Info: Command: quartus_asm --read_settings_files=off --write_settings_files=off deco_binario_bcd -c deco_binario_bcd
Warning (18236): Number of processors has not been specified which may cause overloading on shared machines.  Set the global assignment NUM_PARALLEL_PROCESSORS in your QSF to an appropriate value for best performance.
Info (115030): Assembler is generating device programming files
Info: Quartus Prime Assembler was successful. 0 errors, 1 warning
    Info: Peak virtual memory: 4824 megabytes
    Info: Processing ended: Fri Sep 02 13:18:07 2022
    Info: Elapsed time: 00:00:21
    Info: Total CPU time (on all processors): 00:00:13


