Flow report for deco_binario_bcd
Mon Aug 29 19:07:00 2022
Quartus Prime Version 18.1.0 Build 625 09/12/2018 SJ Lite Edition


---------------------
; Table of Contents ;
---------------------
  1. Legal Notice
  2. Flow Summary
  3. Flow Settings
  4. Flow Non-Default Global Settings
  5. Flow Elapsed Time
  6. Flow OS Summary
  7. Flow Log
  8. Flow Messages
  9. Flow Suppressed Messages



----------------
; Legal Notice ;
----------------
Copyright (C) 2018  Intel Corporation. All rights reserved.
Your use of Intel Corporation's design tools, logic functions 
and other software and tools, and its AMPP partner logic 
functions, and any output files from any of the foregoing 
(including device programming or simulation files), and any 
associated documentation or information are expressly subject 
to the terms and conditions of the Intel Program License 
Subscription Agreement, the Intel Quartus Prime License Agreement,
the Intel FPGA IP License Agreement, or other applicable license
agreement, including, without limitation, that your use is for
the sole purpose of programming logic devices manufactured by
Intel and sold by Intel or its authorized distributors.  Please
refer to the applicable agreement for further details.



+-------------------------------------------------------------------------------+
; Flow Summary                                                                  ;
+---------------------------------+---------------------------------------------+
; Flow Status                     ; Successful - Mon Aug 29 19:07:00 2022       ;
; Quartus Prime Version           ; 18.1.0 Build 625 09/12/2018 SJ Lite Edition ;
; Revision Name                   ; deco_binario_bcd                            ;
; Top-level Entity Name           ; binario_display                             ;
; Family                          ; Cyclone V                                   ;
; Device                          ; 5CSEMA5F31C6                                ;
; Timing Models                   ; Final                                       ;
; Logic utilization (in ALMs)     ; 4 / 32,070 ( < 1 % )                        ;
; Total registers                 ; 0                                           ;
; Total pins                      ; 11 / 457 ( 2 % )                            ;
; Total virtual pins              ; 0                                           ;
; Total block memory bits         ; 0 / 4,065,280 ( 0 % )                       ;
; Total DSP Blocks                ; 0 / 87 ( 0 % )                              ;
; Total HSSI RX PCSs              ; 0                                           ;
; Total HSSI PMA RX Deserializers ; 0                                           ;
; Total HSSI TX PCSs              ; 0                                           ;
; Total HSSI PMA TX Serializers   ; 0                                           ;
; Total PLLs                      ; 0 / 6 ( 0 % )                               ;
; Total DLLs                      ; 0 / 4 ( 0 % )                               ;
+---------------------------------+---------------------------------------------+


+-----------------------------------------+
; Flow Settings                           ;
+-------------------+---------------------+
; Option            ; Setting             ;
+-------------------+---------------------+
; Start date & time ; 08/29/2022 19:05:17 ;
; Main task         ; Compilation         ;
; Revision Name     ; deco_binario_bcd    ;
+-------------------+---------------------+


+------------------------------------------------------------------------------------------------------------------------------------------+
; Flow Non-Default Global Settings                                                                                                         ;
+--------------------------------------+----------------------------------------+------------------+-----------------+---------------------+
; Assignment Name                      ; Value                                  ; Default Value    ; Entity Name     ; Section Id          ;
+--------------------------------------+----------------------------------------+------------------+-----------------+---------------------+
; COMPILER_SIGNATURE_ID                ; 207709717958327.166182151713908        ; --               ; --              ; --                  ;
; EDA_DESIGN_INSTANCE_NAME             ; NA                                     ; --               ; --              ; display_hex_tb      ;
; EDA_DESIGN_INSTANCE_NAME             ; NA                                     ; --               ; --              ; deco_binario_bcd_tb ;
; EDA_DESIGN_INSTANCE_NAME             ; NA                                     ; --               ; --              ; binario_display_tb  ;
; EDA_NATIVELINK_SIMULATION_TEST_BENCH ; binario_display_tb                     ; --               ; --              ; eda_simulation      ;
; EDA_OUTPUT_DATA_FORMAT               ; Systemverilog Hdl                      ; --               ; --              ; eda_simulation      ;
; EDA_SIMULATION_TOOL                  ; ModelSim-Altera (SystemVerilog)        ; <None>           ; --              ; --                  ;
; EDA_TEST_BENCH_ENABLE_STATUS         ; TEST_BENCH_MODE                        ; --               ; --              ; eda_simulation      ;
; EDA_TEST_BENCH_FILE                  ; display_hex_tb.sv                      ; --               ; --              ; display_hex_tb      ;
; EDA_TEST_BENCH_FILE                  ; deco_binario_bcd_tb.sv                 ; --               ; --              ; deco_binario_bcd_tb ;
; EDA_TEST_BENCH_FILE                  ; binario_display_tb.sv                  ; --               ; --              ; binario_display_tb  ;
; EDA_TEST_BENCH_MODULE_NAME           ; display_hex_tb                         ; --               ; --              ; display_hex_tb      ;
; EDA_TEST_BENCH_MODULE_NAME           ; deco_binario_bcd_tb                    ; --               ; --              ; deco_binario_bcd_tb ;
; EDA_TEST_BENCH_MODULE_NAME           ; binario_display_tb                     ; --               ; --              ; binario_display_tb  ;
; EDA_TEST_BENCH_NAME                  ; deco_binario_bcd_tb                    ; --               ; --              ; eda_simulation      ;
; EDA_TEST_BENCH_NAME                  ; display_hex_tb                         ; --               ; --              ; eda_simulation      ;
; EDA_TEST_BENCH_NAME                  ; binario_display_tb                     ; --               ; --              ; eda_simulation      ;
; EDA_TIME_SCALE                       ; 1 ps                                   ; --               ; --              ; eda_simulation      ;
; MAX_CORE_JUNCTION_TEMP               ; 85                                     ; --               ; --              ; --                  ;
; MIN_CORE_JUNCTION_TEMP               ; 0                                      ; --               ; --              ; --                  ;
; PARTITION_COLOR                      ; -- (Not supported for targeted family) ; --               ; binario_display ; Top                 ;
; PARTITION_FITTER_PRESERVATION_LEVEL  ; -- (Not supported for targeted family) ; --               ; binario_display ; Top                 ;
; PARTITION_NETLIST_TYPE               ; -- (Not supported for targeted family) ; --               ; binario_display ; Top                 ;
; POWER_BOARD_THERMAL_MODEL            ; None (CONSERVATIVE)                    ; --               ; --              ; --                  ;
; POWER_PRESET_COOLING_SOLUTION        ; 23 MM HEAT SINK WITH 200 LFPM AIRFLOW  ; --               ; --              ; --                  ;
; PROJECT_OUTPUT_DIRECTORY             ; output_files                           ; --               ; --              ; --                  ;
; TOP_LEVEL_ENTITY                     ; binario_display                        ; deco_binario_bcd ; --              ; --                  ;
+--------------------------------------+----------------------------------------+------------------+-----------------+---------------------+


+--------------------------------------------------------------------------------------------------------------------------+
; Flow Elapsed Time                                                                                                        ;
+----------------------+--------------+-------------------------+---------------------+------------------------------------+
; Module Name          ; Elapsed Time ; Average Processors Used ; Peak Virtual Memory ; Total CPU Time (on all processors) ;
+----------------------+--------------+-------------------------+---------------------+------------------------------------+
; Analysis & Synthesis ; 00:00:22     ; 1.0                     ; 4815 MB             ; 00:00:49                           ;
; Fitter               ; 00:00:52     ; 1.0                     ; 6573 MB             ; 00:01:25                           ;
; Assembler            ; 00:00:12     ; 1.0                     ; 4828 MB             ; 00:00:11                           ;
; Timing Analyzer      ; 00:00:09     ; 1.0                     ; 5110 MB             ; 00:00:08                           ;
; EDA Netlist Writer   ; 00:00:03     ; 1.0                     ; 4728 MB             ; 00:00:03                           ;
; Total                ; 00:01:38     ; --                      ; --                  ; 00:02:36                           ;
+----------------------+--------------+-------------------------+---------------------+------------------------------------+


+------------------------------------------------------------------------------------+
; Flow OS Summary                                                                    ;
+----------------------+------------------+------------+------------+----------------+
; Module Name          ; Machine Hostname ; OS Name    ; OS Version ; Processor type ;
+----------------------+------------------+------------+------------+----------------+
; Analysis & Synthesis ; kfaceved-mobl    ; Windows 10 ; 10.0       ; x86_64         ;
; Fitter               ; kfaceved-mobl    ; Windows 10 ; 10.0       ; x86_64         ;
; Assembler            ; kfaceved-mobl    ; Windows 10 ; 10.0       ; x86_64         ;
; Timing Analyzer      ; kfaceved-mobl    ; Windows 10 ; 10.0       ; x86_64         ;
; EDA Netlist Writer   ; kfaceved-mobl    ; Windows 10 ; 10.0       ; x86_64         ;
+----------------------+------------------+------------+------------+----------------+


------------
; Flow Log ;
------------
quartus_map --read_settings_files=on --write_settings_files=off deco_binario_bcd -c deco_binario_bcd
quartus_fit --read_settings_files=off --write_settings_files=off deco_binario_bcd -c deco_binario_bcd
quartus_asm --read_settings_files=off --write_settings_files=off deco_binario_bcd -c deco_binario_bcd
quartus_sta deco_binario_bcd -c deco_binario_bcd
quartus_eda --read_settings_files=off --write_settings_files=off deco_binario_bcd -c deco_binario_bcd



